[DEBUG] 2020-07-17 18:04:26.435 [main] AnnotationConfigApplicationContext - Refreshing org.springframework.context.annotation.AnnotationConfigApplicationContext@7920ba90
[DEBUG] 2020-07-17 18:04:26.449 [main] DefaultListableBeanFactory - Creating shared instance of singleton bean 'org.springframework.context.annotation.internalConfigurationAnnotationProcessor'
[DEBUG] 2020-07-17 18:04:26.568 [main] DefaultListableBeanFactory - Creating shared instance of singleton bean 'org.springframework.context.event.internalEventListenerProcessor'
[DEBUG] 2020-07-17 18:04:26.570 [main] DefaultListableBeanFactory - Creating shared instance of singleton bean 'org.springframework.context.event.internalEventListenerFactory'
[DEBUG] 2020-07-17 18:04:26.572 [main] DefaultListableBeanFactory - Creating shared instance of singleton bean 'org.springframework.context.annotation.internalAutowiredAnnotationProcessor'
[DEBUG] 2020-07-17 18:04:26.573 [main] DefaultListableBeanFactory - Creating shared instance of singleton bean 'org.springframework.context.annotation.internalCommonAnnotationProcessor'
[DEBUG] 2020-07-17 18:04:26.576 [main] DefaultListableBeanFactory - Creating shared instance of singleton bean 'org.springframework.jms.config.internalJmsListenerAnnotationProcessor'
[DEBUG] 2020-07-17 18:04:26.578 [main] DefaultListableBeanFactory - Creating shared instance of singleton bean 'org.springframework.jms.annotation.JmsBootstrapConfiguration'
[DEBUG] 2020-07-17 18:04:26.590 [main] DefaultListableBeanFactory - Creating shared instance of singleton bean 'activeMqConfig'
[DEBUG] 2020-07-17 18:04:26.598 [main] PropertySourcesPropertyResolver - Found key 'mb.activemq.url' in PropertySource 'class path resource [application.properties]' with value of type String
[DEBUG] 2020-07-17 18:04:26.604 [main] PropertySourcesPropertyResolver - Found key 'mb.activemq.username' in PropertySource 'class path resource [application.properties]' with value of type String
[DEBUG] 2020-07-17 18:04:26.605 [main] PropertySourcesPropertyResolver - Found key 'mb.activemq.password' in PropertySource 'class path resource [application.properties]' with value of type String
[DEBUG] 2020-07-17 18:04:26.605 [main] PropertySourcesPropertyResolver - Found key 'message.broker.tjm' in PropertySource 'class path resource [application.properties]' with value of type String
[DEBUG] 2020-07-17 18:04:26.607 [main] DefaultListableBeanFactory - Creating shared instance of singleton bean 'connectionFactory'
[INFO ] 2020-07-17 18:04:26.618 [main] ActiveMqConfig - init ConnectionFactory
[DEBUG] 2020-07-17 18:04:26.651 [main] DefaultListableBeanFactory - Creating shared instance of singleton bean 'org.springframework.jms.config.internalJmsListenerEndpointRegistry'
[DEBUG] 2020-07-17 18:04:26.653 [main] DefaultListableBeanFactory - Creating shared instance of singleton bean 'jacksonJmsMessageConverter'
[INFO ] 2020-07-17 18:04:26.654 [main] ActiveMqConfig - init MessageConverter
[DEBUG] 2020-07-17 18:04:26.751 [main] DefaultListableBeanFactory - Creating shared instance of singleton bean 'jmsFactory'
[DEBUG] 2020-07-17 18:04:26.758 [main] DefaultListableBeanFactory - Creating shared instance of singleton bean 'jmsTransactionManager'
[DEBUG] 2020-07-17 18:04:26.766 [main] DefaultListableBeanFactory - Creating shared instance of singleton bean 'jmsTemplate'
[DEBUG] 2020-07-17 18:04:26.784 [main] DefaultLifecycleProcessor - Starting beans in phase 2147483647
[DEBUG] 2020-07-17 18:04:26.784 [main] DefaultLifecycleProcessor - Successfully started bean 'org.springframework.jms.config.internalJmsListenerEndpointRegistry'
[DEBUG] 2020-07-17 18:06:28.432 [main] AnnotationConfigApplicationContext - Refreshing org.springframework.context.annotation.AnnotationConfigApplicationContext@7920ba90
[DEBUG] 2020-07-17 18:06:28.446 [main] DefaultListableBeanFactory - Creating shared instance of singleton bean 'org.springframework.context.annotation.internalConfigurationAnnotationProcessor'
[DEBUG] 2020-07-17 18:06:28.565 [main] DefaultListableBeanFactory - Creating shared instance of singleton bean 'org.springframework.context.event.internalEventListenerProcessor'
[DEBUG] 2020-07-17 18:06:28.567 [main] DefaultListableBeanFactory - Creating shared instance of singleton bean 'org.springframework.context.event.internalEventListenerFactory'
[DEBUG] 2020-07-17 18:06:28.569 [main] DefaultListableBeanFactory - Creating shared instance of singleton bean 'org.springframework.context.annotation.internalAutowiredAnnotationProcessor'
[DEBUG] 2020-07-17 18:06:28.571 [main] DefaultListableBeanFactory - Creating shared instance of singleton bean 'org.springframework.context.annotation.internalCommonAnnotationProcessor'
[DEBUG] 2020-07-17 18:06:28.575 [main] DefaultListableBeanFactory - Creating shared instance of singleton bean 'org.springframework.jms.config.internalJmsListenerAnnotationProcessor'
[DEBUG] 2020-07-17 18:06:28.576 [main] DefaultListableBeanFactory - Creating shared instance of singleton bean 'org.springframework.jms.annotation.JmsBootstrapConfiguration'
[DEBUG] 2020-07-17 18:06:28.590 [main] DefaultListableBeanFactory - Creating shared instance of singleton bean 'activeMqConfig'
[DEBUG] 2020-07-17 18:06:28.597 [main] PropertySourcesPropertyResolver - Found key 'mb.activemq.url' in PropertySource 'class path resource [application.properties]' with value of type String
[DEBUG] 2020-07-17 18:06:28.604 [main] PropertySourcesPropertyResolver - Found key 'mb.activemq.username' in PropertySource 'class path resource [application.properties]' with value of type String
[DEBUG] 2020-07-17 18:06:28.605 [main] PropertySourcesPropertyResolver - Found key 'mb.activemq.password' in PropertySource 'class path resource [application.properties]' with value of type String
[DEBUG] 2020-07-17 18:06:28.606 [main] PropertySourcesPropertyResolver - Found key 'message.broker.tjm' in PropertySource 'class path resource [application.properties]' with value of type String
[DEBUG] 2020-07-17 18:06:28.608 [main] DefaultListableBeanFactory - Creating shared instance of singleton bean 'connectionFactory'
[INFO ] 2020-07-17 18:06:28.621 [main] ActiveMqConfig - init ConnectionFactory
[DEBUG] 2020-07-17 18:06:28.656 [main] DefaultListableBeanFactory - Creating shared instance of singleton bean 'org.springframework.jms.config.internalJmsListenerEndpointRegistry'
[DEBUG] 2020-07-17 18:06:28.658 [main] DefaultListableBeanFactory - Creating shared instance of singleton bean 'jacksonJmsMessageConverter'
[INFO ] 2020-07-17 18:06:28.659 [main] ActiveMqConfig - init MessageConverter
[DEBUG] 2020-07-17 18:06:28.755 [main] DefaultListableBeanFactory - Creating shared instance of singleton bean 'jmsFactory'
[DEBUG] 2020-07-17 18:06:28.762 [main] DefaultListableBeanFactory - Creating shared instance of singleton bean 'jmsTransactionManager'
[DEBUG] 2020-07-17 18:06:28.771 [main] DefaultListableBeanFactory - Creating shared instance of singleton bean 'jmsTemplate'
[DEBUG] 2020-07-17 18:06:28.788 [main] DefaultLifecycleProcessor - Starting beans in phase 2147483647
[DEBUG] 2020-07-17 18:06:28.788 [main] DefaultLifecycleProcessor - Successfully started bean 'org.springframework.jms.config.internalJmsListenerEndpointRegistry'
[DEBUG] 2020-07-17 18:06:52.157 [main] AnnotationConfigApplicationContext - Refreshing org.springframework.context.annotation.AnnotationConfigApplicationContext@2a265ea9
[DEBUG] 2020-07-17 18:06:52.179 [main] DefaultListableBeanFactory - Creating shared instance of singleton bean 'org.springframework.context.annotation.internalConfigurationAnnotationProcessor'
[DEBUG] 2020-07-17 18:06:52.320 [main] DefaultListableBeanFactory - Creating shared instance of singleton bean 'org.springframework.context.event.internalEventListenerProcessor'
[DEBUG] 2020-07-17 18:06:52.323 [main] DefaultListableBeanFactory - Creating shared instance of singleton bean 'org.springframework.context.event.internalEventListenerFactory'
[DEBUG] 2020-07-17 18:06:52.325 [main] DefaultListableBeanFactory - Creating shared instance of singleton bean 'org.springframework.context.annotation.internalAutowiredAnnotationProcessor'
[DEBUG] 2020-07-17 18:06:52.328 [main] DefaultListableBeanFactory - Creating shared instance of singleton bean 'org.springframework.context.annotation.internalCommonAnnotationProcessor'
[DEBUG] 2020-07-17 18:06:52.332 [main] DefaultListableBeanFactory - Creating shared instance of singleton bean 'org.springframework.jms.config.internalJmsListenerAnnotationProcessor'
[DEBUG] 2020-07-17 18:06:52.334 [main] DefaultListableBeanFactory - Creating shared instance of singleton bean 'org.springframework.jms.annotation.JmsBootstrapConfiguration'
[DEBUG] 2020-07-17 18:06:52.350 [main] DefaultListableBeanFactory - Creating shared instance of singleton bean 'activeMqConfig'
[DEBUG] 2020-07-17 18:06:52.359 [main] PropertySourcesPropertyResolver - Found key 'mb.activemq.url' in PropertySource 'class path resource [application.properties]' with value of type String
[DEBUG] 2020-07-17 18:06:52.367 [main] PropertySourcesPropertyResolver - Found key 'mb.activemq.username' in PropertySource 'class path resource [application.properties]' with value of type String
[DEBUG] 2020-07-17 18:06:52.367 [main] PropertySourcesPropertyResolver - Found key 'mb.activemq.password' in PropertySource 'class path resource [application.properties]' with value of type String
[DEBUG] 2020-07-17 18:06:52.367 [main] PropertySourcesPropertyResolver - Found key 'message.broker.tjm' in PropertySource 'class path resource [application.properties]' with value of type String
[DEBUG] 2020-07-17 18:06:52.370 [main] DefaultListableBeanFactory - Creating shared instance of singleton bean 'connectionFactory'
[INFO ] 2020-07-17 18:06:54.277 [main] ActiveMqConfig - init ConnectionFactory
[DEBUG] 2020-07-17 18:06:54.315 [main] DefaultListableBeanFactory - Creating shared instance of singleton bean 'org.springframework.jms.config.internalJmsListenerEndpointRegistry'
[DEBUG] 2020-07-17 18:06:54.317 [main] DefaultListableBeanFactory - Creating shared instance of singleton bean 'jacksonJmsMessageConverter'
[INFO ] 2020-07-17 18:06:54.733 [main] ActiveMqConfig - init MessageConverter
[DEBUG] 2020-07-17 18:06:54.846 [main] DefaultListableBeanFactory - Creating shared instance of singleton bean 'jmsFactory'
[DEBUG] 2020-07-17 18:06:54.854 [main] DefaultListableBeanFactory - Creating shared instance of singleton bean 'jmsTransactionManager'
[DEBUG] 2020-07-17 18:06:55.263 [main] DefaultListableBeanFactory - Creating shared instance of singleton bean 'jmsTemplate'
[DEBUG] 2020-07-17 18:06:55.629 [main] DefaultLifecycleProcessor - Starting beans in phase 2147483647
[DEBUG] 2020-07-17 18:06:55.629 [main] DefaultLifecycleProcessor - Successfully started bean 'org.springframework.jms.config.internalJmsListenerEndpointRegistry'
[DEBUG] 2020-07-17 18:07:58.482 [main] AnnotationConfigApplicationContext - Refreshing org.springframework.context.annotation.AnnotationConfigApplicationContext@7920ba90
[DEBUG] 2020-07-17 18:07:58.496 [main] DefaultListableBeanFactory - Creating shared instance of singleton bean 'org.springframework.context.annotation.internalConfigurationAnnotationProcessor'
[DEBUG] 2020-07-17 18:07:58.627 [main] DefaultListableBeanFactory - Creating shared instance of singleton bean 'org.springframework.context.event.internalEventListenerProcessor'
[DEBUG] 2020-07-17 18:07:58.630 [main] DefaultListableBeanFactory - Creating shared instance of singleton bean 'org.springframework.context.event.internalEventListenerFactory'
[DEBUG] 2020-07-17 18:07:58.643 [main] DefaultListableBeanFactory - Creating shared instance of singleton bean 'org.springframework.context.annotation.internalAutowiredAnnotationProcessor'
[DEBUG] 2020-07-17 18:07:58.647 [main] DefaultListableBeanFactory - Creating shared instance of singleton bean 'org.springframework.context.annotation.internalCommonAnnotationProcessor'
[DEBUG] 2020-07-17 18:07:58.652 [main] DefaultListableBeanFactory - Creating shared instance of singleton bean 'org.springframework.jms.config.internalJmsListenerAnnotationProcessor'
[DEBUG] 2020-07-17 18:07:58.654 [main] DefaultListableBeanFactory - Creating shared instance of singleton bean 'org.springframework.jms.annotation.JmsBootstrapConfiguration'
[DEBUG] 2020-07-17 18:07:58.676 [main] DefaultListableBeanFactory - Creating shared instance of singleton bean 'activeMqConfig'
[DEBUG] 2020-07-17 18:07:58.692 [main] PropertySourcesPropertyResolver - Found key 'mb.activemq.url' in PropertySource 'class path resource [application.properties]' with value of type String
[DEBUG] 2020-07-17 18:07:58.699 [main] PropertySourcesPropertyResolver - Found key 'mb.activemq.username' in PropertySource 'class path resource [application.properties]' with value of type String
[DEBUG] 2020-07-17 18:07:58.700 [main] PropertySourcesPropertyResolver - Found key 'mb.activemq.password' in PropertySource 'class path resource [application.properties]' with value of type String
[DEBUG] 2020-07-17 18:07:58.700 [main] PropertySourcesPropertyResolver - Found key 'message.broker.tjm' in PropertySource 'class path resource [application.properties]' with value of type String
[DEBUG] 2020-07-17 18:07:58.703 [main] DefaultListableBeanFactory - Creating shared instance of singleton bean 'connectionFactory'
[INFO ] 2020-07-17 18:07:58.717 [main] ActiveMqConfig - init ConnectionFactory
[DEBUG] 2020-07-17 18:07:58.767 [main] DefaultListableBeanFactory - Creating shared instance of singleton bean 'org.springframework.jms.config.internalJmsListenerEndpointRegistry'
[DEBUG] 2020-07-17 18:07:58.770 [main] DefaultListableBeanFactory - Creating shared instance of singleton bean 'jacksonJmsMessageConverter'
[INFO ] 2020-07-17 18:07:58.771 [main] ActiveMqConfig - init MessageConverter
[DEBUG] 2020-07-17 18:07:58.874 [main] DefaultListableBeanFactory - Creating shared instance of singleton bean 'jmsFactory'
[DEBUG] 2020-07-17 18:07:58.882 [main] DefaultListableBeanFactory - Creating shared instance of singleton bean 'jmsTransactionManager'
[DEBUG] 2020-07-17 18:07:58.890 [main] DefaultListableBeanFactory - Creating shared instance of singleton bean 'jmsTemplate'
[DEBUG] 2020-07-17 18:07:58.906 [main] DefaultLifecycleProcessor - Starting beans in phase 2147483647
[DEBUG] 2020-07-17 18:07:58.907 [main] DefaultLifecycleProcessor - Successfully started bean 'org.springframework.jms.config.internalJmsListenerEndpointRegistry'
[DEBUG] 2020-07-17 18:08:09.807 [main] AnnotationConfigApplicationContext - Refreshing org.springframework.context.annotation.AnnotationConfigApplicationContext@2a265ea9
[DEBUG] 2020-07-17 18:08:09.823 [main] DefaultListableBeanFactory - Creating shared instance of singleton bean 'org.springframework.context.annotation.internalConfigurationAnnotationProcessor'
[DEBUG] 2020-07-17 18:08:09.963 [main] DefaultListableBeanFactory - Creating shared instance of singleton bean 'org.springframework.context.event.internalEventListenerProcessor'
[DEBUG] 2020-07-17 18:08:09.966 [main] DefaultListableBeanFactory - Creating shared instance of singleton bean 'org.springframework.context.event.internalEventListenerFactory'
[DEBUG] 2020-07-17 18:08:09.968 [main] DefaultListableBeanFactory - Creating shared instance of singleton bean 'org.springframework.context.annotation.internalAutowiredAnnotationProcessor'
[DEBUG] 2020-07-17 18:08:09.971 [main] DefaultListableBeanFactory - Creating shared instance of singleton bean 'org.springframework.context.annotation.internalCommonAnnotationProcessor'
[DEBUG] 2020-07-17 18:08:09.975 [main] DefaultListableBeanFactory - Creating shared instance of singleton bean 'org.springframework.jms.config.internalJmsListenerAnnotationProcessor'
[DEBUG] 2020-07-17 18:08:09.978 [main] DefaultListableBeanFactory - Creating shared instance of singleton bean 'org.springframework.jms.annotation.JmsBootstrapConfiguration'
[DEBUG] 2020-07-17 18:08:09.994 [main] DefaultListableBeanFactory - Creating shared instance of singleton bean 'activeMqConfig'
[DEBUG] 2020-07-17 18:08:10.003 [main] PropertySourcesPropertyResolver - Found key 'mb.activemq.url' in PropertySource 'class path resource [application.properties]' with value of type String
[DEBUG] 2020-07-17 18:08:10.011 [main] PropertySourcesPropertyResolver - Found key 'mb.activemq.username' in PropertySource 'class path resource [application.properties]' with value of type String
[DEBUG] 2020-07-17 18:08:10.012 [main] PropertySourcesPropertyResolver - Found key 'mb.activemq.password' in PropertySource 'class path resource [application.properties]' with value of type String
[DEBUG] 2020-07-17 18:08:10.012 [main] PropertySourcesPropertyResolver - Found key 'message.broker.tjm' in PropertySource 'class path resource [application.properties]' with value of type String
[DEBUG] 2020-07-17 18:08:10.015 [main] DefaultListableBeanFactory - Creating shared instance of singleton bean 'connectionFactory'
[INFO ] 2020-07-17 18:08:10.027 [main] ActiveMqConfig - init ConnectionFactory
[DEBUG] 2020-07-17 18:08:10.065 [main] DefaultListableBeanFactory - Creating shared instance of singleton bean 'org.springframework.jms.config.internalJmsListenerEndpointRegistry'
[DEBUG] 2020-07-17 18:08:10.067 [main] DefaultListableBeanFactory - Creating shared instance of singleton bean 'jacksonJmsMessageConverter'
[INFO ] 2020-07-17 18:08:10.068 [main] ActiveMqConfig - init MessageConverter
[DEBUG] 2020-07-17 18:08:10.182 [main] DefaultListableBeanFactory - Creating shared instance of singleton bean 'jmsFactory'
[DEBUG] 2020-07-17 18:08:10.190 [main] DefaultListableBeanFactory - Creating shared instance of singleton bean 'jmsTransactionManager'
[DEBUG] 2020-07-17 18:08:10.199 [main] DefaultListableBeanFactory - Creating shared instance of singleton bean 'jmsTemplate'
[DEBUG] 2020-07-17 18:08:10.217 [main] DefaultLifecycleProcessor - Starting beans in phase 2147483647
[DEBUG] 2020-07-17 18:08:10.218 [main] DefaultLifecycleProcessor - Successfully started bean 'org.springframework.jms.config.internalJmsListenerEndpointRegistry'
